#
# There is insufficient memory for the Java Runtime Environment to continue.
# Native memory allocation (mmap) failed to map 132120576 bytes for Failed to commit area from 0x0000000083600000 to 0x000000008b400000 of length 132120576.
# Possible reasons:
#   The system is out of physical RAM or swap space
#   The process is running with CompressedOops enabled, and the Java Heap may be blocking the growth of the native heap
# Possible solutions:
#   Reduce memory load on the system
#   Increase physical memory or swap space
#   Check if swap backing store is full
#   Decrease Java heap size (-Xmx/-Xms)
#   Decrease number of Java threads
#   Decrease Java thread stack sizes (-Xss)
#   Set larger code cache with -XX:ReservedCodeCacheSize=
# This output file may be truncated or incomplete.
#
#  Out of Memory Error (./src/hotspot/os/windows/os_windows.cpp:3386), pid=7904, tid=12536
#
# JRE version:  (11.0.16+8) (build )
# Java VM: OpenJDK 64-Bit Server VM (11.0.16+8, mixed mode, sharing, tiered, compressed oops, g1 gc, windows-amd64)
# No core dump will be written. Minidumps are not enabled by default on client versions of Windows
#

---------------  S U M M A R Y ------------

Command Line: -Dclassworlds.conf=C:\Program Files\NetBeans-12.0\netbeans\java\maven\bin\..\bin\m2.conf -Dmaven.home=C:\Program Files\NetBeans-12.0\netbeans\java\maven\bin\.. -Dlibrary.jansi.path=C:\Program Files\NetBeans-12.0\netbeans\java\maven\bin\..\lib\jansi-native -Dmaven.multiModuleProjectDirectory=C:\Users\drjal\Documents\repos\java-class\Exercises\Interest_Calculator org.codehaus.plexus.classworlds.launcher.Launcher -Dexec.args=-classpath %classpath com.jah.interest_calculator.Interest_Calculator -Dexec.executable=C:\Program Files\OpenJDK\openjdk-11.0.16_8\bin\java.exe -Dmaven.ext.class.path=C:\Program Files\NetBeans-12.0\netbeans\java\maven-nblib\netbeans-eventspy.jar -Dfile.encoding=UTF-8 org.codehaus.mojo:exec-maven-plugin:1.5.0:exec

Host: Intel(R) Core(TM) i5-10300H CPU @ 2.50GHz, 8 cores, 7G,  Windows 11 , 64 bit Build 22621 (10.0.22621.1194)
Time: Mon Apr 24 07:40:10 2023 Eastern Daylight Time elapsed time: 0.009873 seconds (0d 0h 0m 0s)

---------------  T H R E A D  ---------------

Current thread (0x000002596cf5b000):  JavaThread "Unknown thread" [_thread_in_vm, id=12536, stack(0x000000e80dd00000,0x000000e80de00000)]

Stack: [0x000000e80dd00000,0x000000e80de00000]
Native frames: (J=compiled Java code, j=interpreted, Vv=VM code, C=native code)
V  [jvm.dll+0x61a63a]
V  [jvm.dll+0x757439]
V  [jvm.dll+0x758b28]
V  [jvm.dll+0x759203]
V  [jvm.dll+0x24d9a8]
V  [jvm.dll+0x61794a]
V  [jvm.dll+0x60c0f5]
V  [jvm.dll+0x304f5c]
V  [jvm.dll+0x304de2]
V  [jvm.dll+0x309af6]
V  [jvm.dll+0x34fe4f]
V  [jvm.dll+0x34f880]
V  [jvm.dll+0x2e1fd8]
V  [jvm.dll+0x2e3136]
V  [jvm.dll+0x731417]
V  [jvm.dll+0x732b9f]
V  [jvm.dll+0x35cb99]
V  [jvm.dll+0x7142b0]
V  [jvm.dll+0x3ca5ef]
V  [jvm.dll+0x3cc7a1]
C  [jli.dll+0x5207]
C  [ucrtbase.dll+0x29363]
C  [KERNEL32.DLL+0x126bd]
C  [ntdll.dll+0x5dfb8]


---------------  P R O C E S S  ---------------

Threads class SMR info:
_java_thread_list=0x000002596ad68330, length=0, elements={
}

Java Threads: ( => current thread )

Other Threads:
  0x000002596cf73000 GCTaskThread "GC Thread#0" [stack: 0x000000e80de00000,0x000000e80df00000] [id=47940]
  0x000002596cfa5000 ConcurrentGCThread "G1 Main Marker" [stack: 0x000000e80df00000,0x000000e80e000000] [id=43660]
  0x000002596cfa8000 ConcurrentGCThread "G1 Conc#0" [stack: 0x000000e80e000000,0x000000e80e100000] [id=17304]

[error occurred during error reporting (printing all threads), id 0xc0000005, EXCEPTION_ACCESS_VIOLATION (0xc0000005) at pc=0x00007ffb466317a7]

VM state:not at safepoint (not fully initialized)

VM Mutex/Monitor currently owned by a thread:  ([mutex/lock_event])
[0x000002596cf582c0] Heap_lock - owner thread: 0x000002596cf5b000

Heap address: 0x0000000083600000, size: 1994 MB, Compressed Oops mode: Non-zero based: 0x0000000083600000
Narrow klass base: 0x0000000000000000, Narrow klass shift: 0

GC Heap History (0 events):
No events

Deoptimization events (0 events):
No events

Classes redefined (0 events):
No events

Internal exceptions (0 events):
No events

Events (1 events):
Event: 0.006 Loaded shared library C:\Program Files\OpenJDK\openjdk-11.0.16_8\bin\zip.dll


Dynamic libraries:
0x00007ff752400000 - 0x00007ff75240d000 	C:\Program Files\OpenJDK\openjdk-11.0.16_8\bin\java.exe
0x00007ffbaf450000 - 0x00007ffbaf664000 	C:\WINDOWS\SYSTEM32\ntdll.dll
0x00007ffbad440000 - 0x00007ffbad503000 	C:\WINDOWS\System32\KERNEL32.DLL
0x00007ffbac890000 - 0x00007ffbacc2c000 	C:\WINDOWS\System32\KERNELBASE.dll
0x00007ffbacc30000 - 0x00007ffbacd41000 	C:\WINDOWS\System32\ucrtbase.dll
0x00007ffba3370000 - 0x00007ffba3385000 	C:\Program Files\OpenJDK\openjdk-11.0.16_8\bin\VCRUNTIME140.dll
0x00007ffba2040000 - 0x00007ffba2057000 	C:\Program Files\OpenJDK\openjdk-11.0.16_8\bin\jli.dll
0x00007ffbae7b0000 - 0x00007ffbae95d000 	C:\WINDOWS\System32\USER32.dll
0x00007ffba12b0000 - 0x00007ffba153e000 	C:\WINDOWS\WinSxS\amd64_microsoft.windows.common-controls_6595b64144ccf1df_6.0.22621.608_none_a9444ca7c10bb01d\COMCTL32.dll
0x00007ffbad050000 - 0x00007ffbad076000 	C:\WINDOWS\System32\win32u.dll
0x00007ffbaf270000 - 0x00007ffbaf317000 	C:\WINDOWS\System32\msvcrt.dll
0x00007ffbaebf0000 - 0x00007ffbaec19000 	C:\WINDOWS\System32\GDI32.dll
0x00007ffbace10000 - 0x00007ffbacf22000 	C:\WINDOWS\System32\gdi32full.dll
0x00007ffbacf30000 - 0x00007ffbacfca000 	C:\WINDOWS\System32\msvcp_win.dll
0x00007ffbaf3d0000 - 0x00007ffbaf402000 	C:\WINDOWS\System32\IMM32.DLL
0x00007ffb86e50000 - 0x00007ffb86eeb000 	C:\Program Files\OpenJDK\openjdk-11.0.16_8\bin\msvcp140.dll
0x00007ffb46340000 - 0x00007ffb46e4e000 	C:\Program Files\OpenJDK\openjdk-11.0.16_8\bin\server\jvm.dll
0x00007ffbae6f0000 - 0x00007ffbae79e000 	C:\WINDOWS\System32\ADVAPI32.dll
0x00007ffbaee30000 - 0x00007ffbaeed4000 	C:\WINDOWS\System32\sechost.dll
0x00007ffbadb70000 - 0x00007ffbadc85000 	C:\WINDOWS\System32\RPCRT4.dll
0x00007ffbaeb00000 - 0x00007ffbaeb08000 	C:\WINDOWS\System32\PSAPI.DLL
0x00007ffba6670000 - 0x00007ffba6679000 	C:\WINDOWS\SYSTEM32\WSOCK32.dll
0x00007ffba59a0000 - 0x00007ffba59d4000 	C:\WINDOWS\SYSTEM32\WINMM.dll
0x00007ffba5560000 - 0x00007ffba556a000 	C:\WINDOWS\SYSTEM32\VERSION.dll
0x00007ffbaeb70000 - 0x00007ffbaebe1000 	C:\WINDOWS\System32\WS2_32.dll
0x00007ffbab9d0000 - 0x00007ffbab9e8000 	C:\WINDOWS\SYSTEM32\kernel.appcore.dll
0x00007ffba69a0000 - 0x00007ffba69b0000 	C:\Program Files\OpenJDK\openjdk-11.0.16_8\bin\verify.dll
0x00007ffba9f50000 - 0x00007ffbaa17e000 	C:\WINDOWS\SYSTEM32\DBGHELP.DLL
0x00007ffbaeee0000 - 0x00007ffbaf26a000 	C:\WINDOWS\System32\combase.dll
0x00007ffbada90000 - 0x00007ffbadb67000 	C:\WINDOWS\System32\OLEAUT32.dll
0x00007ffb9fae0000 - 0x00007ffb9fb12000 	C:\WINDOWS\SYSTEM32\dbgcore.DLL
0x00007ffbacfd0000 - 0x00007ffbad04b000 	C:\WINDOWS\System32\bcryptPrimitives.dll
0x00007ffb948a0000 - 0x00007ffb948c8000 	C:\Program Files\OpenJDK\openjdk-11.0.16_8\bin\java.dll
0x00007ffba6650000 - 0x00007ffba665a000 	C:\Program Files\OpenJDK\openjdk-11.0.16_8\bin\jimage.dll
0x00007ffb9ebe0000 - 0x00007ffb9ebf8000 	C:\Program Files\OpenJDK\openjdk-11.0.16_8\bin\zip.dll

dbghelp: loaded successfully - version: 4.0.5 - missing functions: none
symbol engine: initialized successfully - sym options: 0x614 - pdb path: .;C:\Program Files\OpenJDK\openjdk-11.0.16_8\bin;C:\WINDOWS\SYSTEM32;C:\WINDOWS\WinSxS\amd64_microsoft.windows.common-controls_6595b64144ccf1df_6.0.22621.608_none_a9444ca7c10bb01d;C:\Program Files\OpenJDK\openjdk-11.0.16_8\bin\server

VM Arguments:
jvm_args: -Dclassworlds.conf=C:\Program Files\NetBeans-12.0\netbeans\java\maven\bin\..\bin\m2.conf -Dmaven.home=C:\Program Files\NetBeans-12.0\netbeans\java\maven\bin\.. -Dlibrary.jansi.path=C:\Program Files\NetBeans-12.0\netbeans\java\maven\bin\..\lib\jansi-native -Dmaven.multiModuleProjectDirectory=C:\Users\drjal\Documents\repos\java-class\Exercises\Interest_Calculator 
java_command: org.codehaus.plexus.classworlds.launcher.Launcher -Dexec.args=-classpath %classpath com.jah.interest_calculator.Interest_Calculator -Dexec.executable=C:\Program Files\OpenJDK\openjdk-11.0.16_8\bin\java.exe -Dmaven.ext.class.path=C:\Program Files\NetBeans-12.0\netbeans\java\maven-nblib\netbeans-eventspy.jar -Dfile.encoding=UTF-8 org.codehaus.mojo:exec-maven-plugin:1.5.0:exec
java_class_path (initial): C:\Program Files\NetBeans-12.0\netbeans\java\maven\bin\..\boot\plexus-classworlds-2.6.0.jar
Launcher Type: SUN_STANDARD

[Global flags]
     intx CICompilerCount                          = 4                                         {product} {ergonomic}
     uint ConcGCThreads                            = 2                                         {product} {ergonomic}
     uint G1ConcRefinementThreads                  = 8                                         {product} {ergonomic}
   size_t G1HeapRegionSize                         = 1048576                                   {product} {ergonomic}
    uintx GCDrainStackTargetSize                   = 64                                        {product} {ergonomic}
   size_t InitialHeapSize                          = 132120576                                 {product} {ergonomic}
   size_t MarkStackSize                            = 4194304                                   {product} {ergonomic}
   size_t MaxHeapSize                              = 2090860544                                {product} {ergonomic}
   size_t MinHeapDeltaBytes                        = 1048576                                   {product} {ergonomic}
    uintx NonNMethodCodeHeapSize                   = 5836300                                {pd product} {ergonomic}
    uintx NonProfiledCodeHeapSize                  = 122910970                              {pd product} {ergonomic}
    uintx ProfiledCodeHeapSize                     = 122910970                              {pd product} {ergonomic}
    uintx ReservedCodeCacheSize                    = 251658240                              {pd product} {ergonomic}
     bool SegmentedCodeCache                       = true                                      {product} {ergonomic}
     bool UseCompressedClassPointers               = true                                 {lp64_product} {ergonomic}
     bool UseCompressedOops                        = true                                 {lp64_product} {ergonomic}
     bool UseG1GC                                  = true                                      {product} {ergonomic}
     bool UseLargePagesIndividualAllocation        = false                                  {pd product} {ergonomic}

Logging:
Log output configuration:
 #0: stdout all=warning uptime,level,tags
 #1: stderr all=off uptime,level,tags

Environment Variables:
JAVA_HOME=C:\Program Files\OpenJDK\openjdk-11.0.16_8
PATH=C:\Python310\Scripts\;C:\Python310\;C:\windows\system32;C:\windows;C:\windows\System32\Wbem;C:\windows\System32\WindowsPowerShell\v1.0\;C:\windows\System32\OpenSSH\;C:\Program Files (x86)\NVIDIA Corporation\PhysX\Common;C:\Program Files\NVIDIA Corporation\NVIDIA NvDLISR;C:\WINDOWS\system32;C:\WINDOWS;C:\WINDOWS\System32\Wbem;C:\WINDOWS\System32\WindowsPowerShell\v1.0\;C:\WINDOWS\System32\OpenSSH\;C:\ProgramData\chocolatey\bin;C:\Program Files\Git\cmd;C:\Users\drjal\;C:\Program Files\OpenJDK\openjdk-11.0.16_8\bin;C:\Program Files\PuTTY\;C:\Program Files\MySQL\MySQL Shell 8.0\bin\;C:\Users\drjal\AppData\Local\Microsoft\WindowsApps;C:\mongosh\;C:\Users\drjal\AppData\Local\Programs\Microsoft VS Code\bin;C:\Users\drjal\AppData\Local\gitkraken\bin;C:\Program Files (x86)\Nmap;C:\tools\dart-sdk\bin;C:\Users\drjal\AppData\Roaming\Pub\Cache\bin;C:\_FLUTTER\flutter\bin;C:\Users\drjal\AppData\Roaming\npm;C:\Users\drjal\AppData\Local\Android\Sdk\platform-tools;;C:\Users\drjal\AppData\Local\Microsoft\WindowsApps
USERNAME=drjal
OS=Windows_NT
PROCESSOR_IDENTIFIER=Intel64 Family 6 Model 165 Stepping 2, GenuineIntel
TMP=C:\Users\drjal\AppData\Local\Temp
TEMP=C:\Users\drjal\AppData\Local\Temp



---------------  S Y S T E M  ---------------

OS: Windows 11 , 64 bit Build 22621 (10.0.22621.1194)
OS uptime: 47 days 21:28 hours

CPU:total 8 (initial active 8) (4 cores per cpu, 2 threads per core) family 6 model 165 stepping 2 microcode 0xf0, cmov, cx8, fxsr, mmx, sse, sse2, sse3, ssse3, sse4.1, sse4.2, popcnt, avx, avx2, aes, clmul, erms, 3dnowpref, lzcnt, ht, tsc, tscinvbit, bmi1, bmi2, adx, fma

Memory: 4k page, system-wide physical 7968M (706M free)
TotalPageFile size 32544M (AvailPageFile size 91M)
current process WorkingSet (physical memory assigned to process): 10M, peak: 10M
current process commit charge ("private bytes"): 60M, peak: 186M

vm_info: OpenJDK 64-Bit Server VM (11.0.16+8) for windows-amd64 JRE (11.0.16+8), built on Jul 17 2022 01:33:05 by "tester" with MS VC++ 15.9 (VS2017)

END.
