#
# There is insufficient memory for the Java Runtime Environment to continue.
# Native memory allocation (malloc) failed to allocate 1045616 bytes for Chunk::new
# Possible reasons:
#   The system is out of physical RAM or swap space
#   The process is running with CompressedOops enabled, and the Java Heap may be blocking the growth of the native heap
# Possible solutions:
#   Reduce memory load on the system
#   Increase physical memory or swap space
#   Check if swap backing store is full
#   Decrease Java heap size (-Xmx/-Xms)
#   Decrease number of Java threads
#   Decrease Java thread stack sizes (-Xss)
#   Set larger code cache with -XX:ReservedCodeCacheSize=
#   JVM is running with Unscaled Compressed Oops mode in which the Java heap is
#     placed in the first 4GB address space. The Java Heap base address is the
#     maximum limit for the native heap growth. Please use -XX:HeapBaseMinAddress
#     to set the Java Heap base and to place the Java Heap above 4GB virtual address.
# This output file may be truncated or incomplete.
#
#  Out of Memory Error (./src/hotspot/share/memory/arena.cpp:197), pid=32648, tid=41568
#
# JRE version: OpenJDK Runtime Environment 18.9 (11.0.16+8) (build 11.0.16+8)
# Java VM: OpenJDK 64-Bit Server VM 18.9 (11.0.16+8, mixed mode, tiered, compressed oops, g1 gc, windows-amd64)
# No core dump will be written. Minidumps are not enabled by default on client versions of Windows
#

---------------  S U M M A R Y ------------

Command Line: -Dclassworlds.conf=C:\Program Files\NetBeans-12.0\netbeans\java\maven\bin\..\bin\m2.conf -Dmaven.home=C:\Program Files\NetBeans-12.0\netbeans\java\maven\bin\.. -Dlibrary.jansi.path=C:\Program Files\NetBeans-12.0\netbeans\java\maven\bin\..\lib\jansi-native -Dmaven.multiModuleProjectDirectory=C:\Users\drjal\Documents\repos\java-class\Exercises\Interest_Calculator org.codehaus.plexus.classworlds.launcher.Launcher -Dexec.args=-classpath %classpath com.jah.interest_calculator.Interest_Calculator -Dexec.executable=C:\Program Files\OpenJDK\openjdk-11.0.16_8\bin\java.exe -Dmaven.ext.class.path=C:\Program Files\NetBeans-12.0\netbeans\java\maven-nblib\netbeans-eventspy.jar -Dfile.encoding=UTF-8 org.codehaus.mojo:exec-maven-plugin:1.5.0:exec

Host: Intel(R) Core(TM) i5-10300H CPU @ 2.50GHz, 8 cores, 7G,  Windows 11 , 64 bit Build 22621 (10.0.22621.1194)
Time: Sun Apr 16 18:58:18 2023 Eastern Daylight Time elapsed time: 1.367735 seconds (0d 0h 0m 1s)

---------------  T H R E A D  ---------------

Current thread (0x000002167705e000):  JavaThread "C2 CompilerThread0" daemon [_thread_in_native, id=41568, stack(0x000000b206400000,0x000000b206500000)]


Current CompileTask:
C2:   1367 1800   !   4       java.net.URL::<init> (543 bytes)

Stack: [0x000000b206400000,0x000000b206500000]
Native frames: (J=compiled Java code, j=interpreted, Vv=VM code, C=native code)
V  [jvm.dll+0x61a63a]
V  [jvm.dll+0x757439]
V  [jvm.dll+0x758b28]
V  [jvm.dll+0x759203]
V  [jvm.dll+0x24d9a8]
V  [jvm.dll+0xc148c]
V  [jvm.dll+0xc1a4c]
V  [jvm.dll+0x357127]
V  [jvm.dll+0x19d0d1]
V  [jvm.dll+0x206ec2]
V  [jvm.dll+0x205edd]
V  [jvm.dll+0x187ec1]
V  [jvm.dll+0x2156a4]
V  [jvm.dll+0x2138eb]
V  [jvm.dll+0x71a000]
V  [jvm.dll+0x712f34]
V  [jvm.dll+0x6194a5]
C  [ucrtbase.dll+0x29363]
C  [KERNEL32.DLL+0x126bd]
C  [ntdll.dll+0x5dfb8]


---------------  P R O C E S S  ---------------

Threads class SMR info:
_java_thread_list=0x0000021677b26890, length=10, elements={
0x000002165812c000, 0x0000021677048800, 0x000002167703f000, 0x0000021677056800,
0x000002167705b000, 0x000002167705c000, 0x000002167705e000, 0x000002167796c000,
0x00000216779e4000, 0x0000021677b48800
}

Java Threads: ( => current thread )
  0x000002165812c000 JavaThread "main" [_thread_in_native, id=53144, stack(0x000000b205800000,0x000000b205900000)]
  0x0000021677048800 JavaThread "Reference Handler" daemon [_thread_blocked, id=48256, stack(0x000000b205f00000,0x000000b206000000)]
  0x000002167703f000 JavaThread "Finalizer" daemon [_thread_blocked, id=50768, stack(0x000000b206000000,0x000000b206100000)]
  0x0000021677056800 JavaThread "Signal Dispatcher" daemon [_thread_blocked, id=54504, stack(0x000000b206100000,0x000000b206200000)]
  0x000002167705b000 JavaThread "Attach Listener" daemon [_thread_blocked, id=8440, stack(0x000000b206200000,0x000000b206300000)]
  0x000002167705c000 JavaThread "Service Thread" daemon [_thread_blocked, id=2028, stack(0x000000b206300000,0x000000b206400000)]
=>0x000002167705e000 JavaThread "C2 CompilerThread0" daemon [_thread_in_native, id=41568, stack(0x000000b206400000,0x000000b206500000)]
  0x000002167796c000 JavaThread "C1 CompilerThread0" daemon [_thread_blocked, id=31700, stack(0x000000b206500000,0x000000b206600000)]
  0x00000216779e4000 JavaThread "Sweeper thread" daemon [_thread_blocked, id=3496, stack(0x000000b206600000,0x000000b206700000)]
  0x0000021677b48800 JavaThread "Common-Cleaner" daemon [_thread_blocked, id=1472, stack(0x000000b206800000,0x000000b206900000)]

Other Threads:
  0x0000021677014800 VMThread "VM Thread" [stack: 0x000000b205e00000,0x000000b205f00000] [id=38380]
  0x0000021677b3f800 WatcherThread [stack: 0x000000b206700000,0x000000b206800000] [id=43668]
  0x0000021658143800 GCTaskThread "GC Thread#0" [stack: 0x000000b205900000,0x000000b205a00000] [id=22884]
  0x000002167815f800 GCTaskThread "GC Thread#1" [stack: 0x000000b206900000,0x000000b206a00000] [id=53468]
  0x00000216784f4800 GCTaskThread "GC Thread#2" [stack: 0x000000b206a00000,0x000000b206b00000] [id=34344]
  0x0000021658175800 ConcurrentGCThread "G1 Main Marker" [stack: 0x000000b205a00000,0x000000b205b00000] [id=23660]
  0x0000021658178800 ConcurrentGCThread "G1 Conc#0" [stack: 0x000000b205b00000,0x000000b205c00000] [id=18068]
  0x00000216581fc800 ConcurrentGCThread "G1 Refine#0" [stack: 0x000000b205c00000,0x000000b205d00000] [id=44632]
  0x0000021676e82800 ConcurrentGCThread "G1 Young RemSet Sampling" [stack: 0x000000b205d00000,0x000000b205e00000] [id=43112]

Threads with active compile tasks:
C2 CompilerThread0     1390 1800   !   4       java.net.URL::<init> (543 bytes)

VM state:not at safepoint (normal execution)

VM Mutex/Monitor currently owned by a thread: None

Heap address: 0x0000000083600000, size: 1994 MB, Compressed Oops mode: 32-bit
Narrow klass base: 0x0000000000000000, Narrow klass shift: 3
Compressed class space size: 1073741824 Address: 0x0000000100000000

Heap:
 garbage-first heap   total 129024K, used 50588K [0x0000000083600000, 0x0000000100000000)
  region size 1024K, 50 young (51200K), 3 survivors (3072K)
 Metaspace       used 19765K, capacity 20125K, committed 20224K, reserved 1067008K
  class space    used 2098K, capacity 2219K, committed 2304K, reserved 1048576K
Heap Regions: E=young(eden), S=young(survivor), O=old, HS=humongous(starts), HC=humongous(continues), CS=collection set, F=free, A=archive, TAMS=top-at-mark-start (previous, next)
|   0|0x0000000083600000, 0x0000000083667200, 0x0000000083700000| 40%| O|  |TAMS 0x0000000083600000, 0x0000000083600000| Untracked 
|   1|0x0000000083700000, 0x0000000083700000, 0x0000000083800000|  0%| F|  |TAMS 0x0000000083700000, 0x0000000083700000| Untracked 
|   2|0x0000000083800000, 0x0000000083800000, 0x0000000083900000|  0%| F|  |TAMS 0x0000000083800000, 0x0000000083800000| Untracked 
|   3|0x0000000083900000, 0x0000000083900000, 0x0000000083a00000|  0%| F|  |TAMS 0x0000000083900000, 0x0000000083900000| Untracked 
|   4|0x0000000083a00000, 0x0000000083a00000, 0x0000000083b00000|  0%| F|  |TAMS 0x0000000083a00000, 0x0000000083a00000| Untracked 
|   5|0x0000000083b00000, 0x0000000083b00000, 0x0000000083c00000|  0%| F|  |TAMS 0x0000000083b00000, 0x0000000083b00000| Untracked 
|   6|0x0000000083c00000, 0x0000000083c00000, 0x0000000083d00000|  0%| F|  |TAMS 0x0000000083c00000, 0x0000000083c00000| Untracked 
|   7|0x0000000083d00000, 0x0000000083d00000, 0x0000000083e00000|  0%| F|  |TAMS 0x0000000083d00000, 0x0000000083d00000| Untracked 
|   8|0x0000000083e00000, 0x0000000083e00000, 0x0000000083f00000|  0%| F|  |TAMS 0x0000000083e00000, 0x0000000083e00000| Untracked 
|   9|0x0000000083f00000, 0x0000000083f00000, 0x0000000084000000|  0%| F|  |TAMS 0x0000000083f00000, 0x0000000083f00000| Untracked 
|  10|0x0000000084000000, 0x0000000084000000, 0x0000000084100000|  0%| F|  |TAMS 0x0000000084000000, 0x0000000084000000| Untracked 
|  11|0x0000000084100000, 0x0000000084100000, 0x0000000084200000|  0%| F|  |TAMS 0x0000000084100000, 0x0000000084100000| Untracked 
|  12|0x0000000084200000, 0x0000000084200000, 0x0000000084300000|  0%| F|  |TAMS 0x0000000084200000, 0x0000000084200000| Untracked 
|  13|0x0000000084300000, 0x0000000084300000, 0x0000000084400000|  0%| F|  |TAMS 0x0000000084300000, 0x0000000084300000| Untracked 
|  14|0x0000000084400000, 0x0000000084400000, 0x0000000084500000|  0%| F|  |TAMS 0x0000000084400000, 0x0000000084400000| Untracked 
|  15|0x0000000084500000, 0x0000000084500000, 0x0000000084600000|  0%| F|  |TAMS 0x0000000084500000, 0x0000000084500000| Untracked 
|  16|0x0000000084600000, 0x0000000084600000, 0x0000000084700000|  0%| F|  |TAMS 0x0000000084600000, 0x0000000084600000| Untracked 
|  17|0x0000000084700000, 0x0000000084700000, 0x0000000084800000|  0%| F|  |TAMS 0x0000000084700000, 0x0000000084700000| Untracked 
|  18|0x0000000084800000, 0x0000000084800000, 0x0000000084900000|  0%| F|  |TAMS 0x0000000084800000, 0x0000000084800000| Untracked 
|  19|0x0000000084900000, 0x0000000084900000, 0x0000000084a00000|  0%| F|  |TAMS 0x0000000084900000, 0x0000000084900000| Untracked 
|  20|0x0000000084a00000, 0x0000000084a00000, 0x0000000084b00000|  0%| F|  |TAMS 0x0000000084a00000, 0x0000000084a00000| Untracked 
|  21|0x0000000084b00000, 0x0000000084b00000, 0x0000000084c00000|  0%| F|  |TAMS 0x0000000084b00000, 0x0000000084b00000| Untracked 
|  22|0x0000000084c00000, 0x0000000084c00000, 0x0000000084d00000|  0%| F|  |TAMS 0x0000000084c00000, 0x0000000084c00000| Untracked 
|  23|0x0000000084d00000, 0x0000000084d00000, 0x0000000084e00000|  0%| F|  |TAMS 0x0000000084d00000, 0x0000000084d00000| Untracked 
|  24|0x0000000084e00000, 0x0000000084e00000, 0x0000000084f00000|  0%| F|  |TAMS 0x0000000084e00000, 0x0000000084e00000| Untracked 
|  25|0x0000000084f00000, 0x0000000084f00000, 0x0000000085000000|  0%| F|  |TAMS 0x0000000084f00000, 0x0000000084f00000| Untracked 
|  26|0x0000000085000000, 0x0000000085000000, 0x0000000085100000|  0%| F|  |TAMS 0x0000000085000000, 0x0000000085000000| Untracked 
|  27|0x0000000085100000, 0x0000000085100000, 0x0000000085200000|  0%| F|  |TAMS 0x0000000085100000, 0x0000000085100000| Untracked 
|  28|0x0000000085200000, 0x0000000085200000, 0x0000000085300000|  0%| F|  |TAMS 0x0000000085200000, 0x0000000085200000| Untracked 
|  29|0x0000000085300000, 0x0000000085300000, 0x0000000085400000|  0%| F|  |TAMS 0x0000000085300000, 0x0000000085300000| Untracked 
|  30|0x0000000085400000, 0x0000000085400000, 0x0000000085500000|  0%| F|  |TAMS 0x0000000085400000, 0x0000000085400000| Untracked 
|  31|0x0000000085500000, 0x0000000085500000, 0x0000000085600000|  0%| F|  |TAMS 0x0000000085500000, 0x0000000085500000| Untracked 
|  32|0x0000000085600000, 0x0000000085600000, 0x0000000085700000|  0%| F|  |TAMS 0x0000000085600000, 0x0000000085600000| Untracked 
|  33|0x0000000085700000, 0x0000000085700000, 0x0000000085800000|  0%| F|  |TAMS 0x0000000085700000, 0x0000000085700000| Untracked 
|  34|0x0000000085800000, 0x0000000085800000, 0x0000000085900000|  0%| F|  |TAMS 0x0000000085800000, 0x0000000085800000| Untracked 
|  35|0x0000000085900000, 0x0000000085900000, 0x0000000085a00000|  0%| F|  |TAMS 0x0000000085900000, 0x0000000085900000| Untracked 
|  36|0x0000000085a00000, 0x0000000085a00000, 0x0000000085b00000|  0%| F|  |TAMS 0x0000000085a00000, 0x0000000085a00000| Untracked 
|  37|0x0000000085b00000, 0x0000000085b00000, 0x0000000085c00000|  0%| F|  |TAMS 0x0000000085b00000, 0x0000000085b00000| Untracked 
|  38|0x0000000085c00000, 0x0000000085c00000, 0x0000000085d00000|  0%| F|  |TAMS 0x0000000085c00000, 0x0000000085c00000| Untracked 
|  39|0x0000000085d00000, 0x0000000085d00000, 0x0000000085e00000|  0%| F|  |TAMS 0x0000000085d00000, 0x0000000085d00000| Untracked 
|  40|0x0000000085e00000, 0x0000000085e00000, 0x0000000085f00000|  0%| F|  |TAMS 0x0000000085e00000, 0x0000000085e00000| Untracked 
|  41|0x0000000085f00000, 0x0000000085f00000, 0x0000000086000000|  0%| F|  |TAMS 0x0000000085f00000, 0x0000000085f00000| Untracked 
|  42|0x0000000086000000, 0x0000000086000000, 0x0000000086100000|  0%| F|  |TAMS 0x0000000086000000, 0x0000000086000000| Untracked 
|  43|0x0000000086100000, 0x0000000086100000, 0x0000000086200000|  0%| F|  |TAMS 0x0000000086100000, 0x0000000086100000| Untracked 
|  44|0x0000000086200000, 0x0000000086200000, 0x0000000086300000|  0%| F|  |TAMS 0x0000000086200000, 0x0000000086200000| Untracked 
|  45|0x0000000086300000, 0x0000000086300000, 0x0000000086400000|  0%| F|  |TAMS 0x0000000086300000, 0x0000000086300000| Untracked 
|  46|0x0000000086400000, 0x0000000086400000, 0x0000000086500000|  0%| F|  |TAMS 0x0000000086400000, 0x0000000086400000| Untracked 
|  47|0x0000000086500000, 0x0000000086500000, 0x0000000086600000|  0%| F|  |TAMS 0x0000000086500000, 0x0000000086500000| Untracked 
|  48|0x0000000086600000, 0x0000000086600000, 0x0000000086700000|  0%| F|  |TAMS 0x0000000086600000, 0x0000000086600000| Untracked 
|  49|0x0000000086700000, 0x0000000086700000, 0x0000000086800000|  0%| F|  |TAMS 0x0000000086700000, 0x0000000086700000| Untracked 
|  50|0x0000000086800000, 0x0000000086800000, 0x0000000086900000|  0%| F|  |TAMS 0x0000000086800000, 0x0000000086800000| Untracked 
|  51|0x0000000086900000, 0x0000000086900000, 0x0000000086a00000|  0%| F|  |TAMS 0x0000000086900000, 0x0000000086900000| Untracked 
|  52|0x0000000086a00000, 0x0000000086a00000, 0x0000000086b00000|  0%| F|  |TAMS 0x0000000086a00000, 0x0000000086a00000| Untracked 
|  53|0x0000000086b00000, 0x0000000086b00000, 0x0000000086c00000|  0%| F|  |TAMS 0x0000000086b00000, 0x0000000086b00000| Untracked 
|  54|0x0000000086c00000, 0x0000000086c00000, 0x0000000086d00000|  0%| F|  |TAMS 0x0000000086c00000, 0x0000000086c00000| Untracked 
|  55|0x0000000086d00000, 0x0000000086d00000, 0x0000000086e00000|  0%| F|  |TAMS 0x0000000086d00000, 0x0000000086d00000| Untracked 
|  56|0x0000000086e00000, 0x0000000086e00000, 0x0000000086f00000|  0%| F|  |TAMS 0x0000000086e00000, 0x0000000086e00000| Untracked 
|  57|0x0000000086f00000, 0x0000000086f00000, 0x0000000087000000|  0%| F|  |TAMS 0x0000000086f00000, 0x0000000086f00000| Untracked 
|  58|0x0000000087000000, 0x0000000087000000, 0x0000000087100000|  0%| F|  |TAMS 0x0000000087000000, 0x0000000087000000| Untracked 
|  59|0x0000000087100000, 0x0000000087100000, 0x0000000087200000|  0%| F|  |TAMS 0x0000000087100000, 0x0000000087100000| Untracked 
|  60|0x0000000087200000, 0x0000000087200000, 0x0000000087300000|  0%| F|  |TAMS 0x0000000087200000, 0x0000000087200000| Untracked 
|  61|0x0000000087300000, 0x0000000087300000, 0x0000000087400000|  0%| F|  |TAMS 0x0000000087300000, 0x0000000087300000| Untracked 
|  62|0x0000000087400000, 0x0000000087400000, 0x0000000087500000|  0%| F|  |TAMS 0x0000000087400000, 0x0000000087400000| Untracked 
|  63|0x0000000087500000, 0x0000000087500000, 0x0000000087600000|  0%| F|  |TAMS 0x0000000087500000, 0x0000000087500000| Untracked 
|  64|0x0000000087600000, 0x0000000087600000, 0x0000000087700000|  0%| F|  |TAMS 0x0000000087600000, 0x0000000087600000| Untracked 
|  65|0x0000000087700000, 0x0000000087700000, 0x0000000087800000|  0%| F|  |TAMS 0x0000000087700000, 0x0000000087700000| Untracked 
|  66|0x0000000087800000, 0x0000000087800000, 0x0000000087900000|  0%| F|  |TAMS 0x0000000087800000, 0x0000000087800000| Untracked 
|  67|0x0000000087900000, 0x0000000087900000, 0x0000000087a00000|  0%| F|  |TAMS 0x0000000087900000, 0x0000000087900000| Untracked 
|  68|0x0000000087a00000, 0x0000000087a00000, 0x0000000087b00000|  0%| F|  |TAMS 0x0000000087a00000, 0x0000000087a00000| Untracked 
|  69|0x0000000087b00000, 0x0000000087b00000, 0x0000000087c00000|  0%| F|  |TAMS 0x0000000087b00000, 0x0000000087b00000| Untracked 
|  70|0x0000000087c00000, 0x0000000087c00000, 0x0000000087d00000|  0%| F|  |TAMS 0x0000000087c00000, 0x0000000087c00000| Untracked 
|  71|0x0000000087d00000, 0x0000000087d00000, 0x0000000087e00000|  0%| F|  |TAMS 0x0000000087d00000, 0x0000000087d00000| Untracked 
|  72|0x0000000087e00000, 0x0000000087e00000, 0x0000000087f00000|  0%| F|  |TAMS 0x0000000087e00000, 0x0000000087e00000| Untracked 
|  73|0x0000000087f00000, 0x0000000087f00000, 0x0000000088000000|  0%| F|  |TAMS 0x0000000087f00000, 0x0000000087f00000| Untracked 
|  74|0x0000000088000000, 0x0000000088000000, 0x0000000088100000|  0%| F|  |TAMS 0x0000000088000000, 0x0000000088000000| Untracked 
|  75|0x0000000088100000, 0x0000000088100000, 0x0000000088200000|  0%| F|  |TAMS 0x0000000088100000, 0x0000000088100000| Untracked 
|  76|0x0000000088200000, 0x0000000088300000, 0x0000000088300000|100%| E|  |TAMS 0x0000000088200000, 0x0000000088200000| Complete 
|  77|0x0000000088300000, 0x0000000088400000, 0x0000000088400000|100%| E|CS|TAMS 0x0000000088300000, 0x0000000088300000| Complete 
|  78|0x0000000088400000, 0x0000000088500000, 0x0000000088500000|100%| E|CS|TAMS 0x0000000088400000, 0x0000000088400000| Complete 
|  79|0x0000000088500000, 0x0000000088600000, 0x0000000088600000|100%| E|CS|TAMS 0x0000000088500000, 0x0000000088500000| Complete 
|  80|0x0000000088600000, 0x0000000088700000, 0x0000000088700000|100%| E|CS|TAMS 0x0000000088600000, 0x0000000088600000| Complete 
|  81|0x0000000088700000, 0x0000000088800000, 0x0000000088800000|100%| E|CS|TAMS 0x0000000088700000, 0x0000000088700000| Complete 
|  82|0x0000000088800000, 0x0000000088900000, 0x0000000088900000|100%| E|CS|TAMS 0x0000000088800000, 0x0000000088800000| Complete 
|  83|0x0000000088900000, 0x0000000088a00000, 0x0000000088a00000|100%| E|CS|TAMS 0x0000000088900000, 0x0000000088900000| Complete 
|  84|0x0000000088a00000, 0x0000000088b00000, 0x0000000088b00000|100%| E|CS|TAMS 0x0000000088a00000, 0x0000000088a00000| Complete 
|  85|0x0000000088b00000, 0x0000000088c00000, 0x0000000088c00000|100%| E|CS|TAMS 0x0000000088b00000, 0x0000000088b00000| Complete 
|  86|0x0000000088c00000, 0x0000000088d00000, 0x0000000088d00000|100%| E|CS|TAMS 0x0000000088c00000, 0x0000000088c00000| Complete 
|  87|0x0000000088d00000, 0x0000000088e00000, 0x0000000088e00000|100%| E|CS|TAMS 0x0000000088d00000, 0x0000000088d00000| Complete 
|  88|0x0000000088e00000, 0x0000000088f00000, 0x0000000088f00000|100%| E|CS|TAMS 0x0000000088e00000, 0x0000000088e00000| Complete 
|  89|0x0000000088f00000, 0x0000000089000000, 0x0000000089000000|100%| E|CS|TAMS 0x0000000088f00000, 0x0000000088f00000| Complete 
|  90|0x0000000089000000, 0x0000000089100000, 0x0000000089100000|100%| E|CS|TAMS 0x0000000089000000, 0x0000000089000000| Complete 
|  91|0x0000000089100000, 0x0000000089200000, 0x0000000089200000|100%| E|CS|TAMS 0x0000000089100000, 0x0000000089100000| Complete 
|  92|0x0000000089200000, 0x0000000089300000, 0x0000000089300000|100%| E|CS|TAMS 0x0000000089200000, 0x0000000089200000| Complete 
|  93|0x0000000089300000, 0x0000000089400000, 0x0000000089400000|100%| E|CS|TAMS 0x0000000089300000, 0x0000000089300000| Complete 
|  94|0x0000000089400000, 0x0000000089500000, 0x0000000089500000|100%| E|CS|TAMS 0x0000000089400000, 0x0000000089400000| Complete 
|  95|0x0000000089500000, 0x0000000089600000, 0x0000000089600000|100%| E|CS|TAMS 0x0000000089500000, 0x0000000089500000| Complete 
|  96|0x0000000089600000, 0x0000000089700000, 0x0000000089700000|100%| E|CS|TAMS 0x0000000089600000, 0x0000000089600000| Complete 
|  97|0x0000000089700000, 0x0000000089800000, 0x0000000089800000|100%| E|CS|TAMS 0x0000000089700000, 0x0000000089700000| Complete 
|  98|0x0000000089800000, 0x0000000089900000, 0x0000000089900000|100%| E|CS|TAMS 0x0000000089800000, 0x0000000089800000| Complete 
|  99|0x0000000089900000, 0x0000000089a00000, 0x0000000089a00000|100%| S|CS|TAMS 0x0000000089900000, 0x0000000089900000| Complete 
| 100|0x0000000089a00000, 0x0000000089b00000, 0x0000000089b00000|100%| S|CS|TAMS 0x0000000089a00000, 0x0000000089a00000| Complete 
| 101|0x0000000089b00000, 0x0000000089c00000, 0x0000000089c00000|100%| S|CS|TAMS 0x0000000089b00000, 0x0000000089b00000| Complete 
| 102|0x0000000089c00000, 0x0000000089d00000, 0x0000000089d00000|100%| E|CS|TAMS 0x0000000089c00000, 0x0000000089c00000| Complete 
| 103|0x0000000089d00000, 0x0000000089e00000, 0x0000000089e00000|100%| E|CS|TAMS 0x0000000089d00000, 0x0000000089d00000| Complete 
| 104|0x0000000089e00000, 0x0000000089f00000, 0x0000000089f00000|100%| E|CS|TAMS 0x0000000089e00000, 0x0000000089e00000| Complete 
| 105|0x0000000089f00000, 0x000000008a000000, 0x000000008a000000|100%| E|CS|TAMS 0x0000000089f00000, 0x0000000089f00000| Complete 
| 106|0x000000008a000000, 0x000000008a100000, 0x000000008a100000|100%| E|CS|TAMS 0x000000008a000000, 0x000000008a000000| Complete 
| 107|0x000000008a100000, 0x000000008a200000, 0x000000008a200000|100%| E|CS|TAMS 0x000000008a100000, 0x000000008a100000| Complete 
| 108|0x000000008a200000, 0x000000008a300000, 0x000000008a300000|100%| E|CS|TAMS 0x000000008a200000, 0x000000008a200000| Complete 
| 109|0x000000008a300000, 0x000000008a400000, 0x000000008a400000|100%| E|CS|TAMS 0x000000008a300000, 0x000000008a300000| Complete 
| 110|0x000000008a400000, 0x000000008a500000, 0x000000008a500000|100%| E|CS|TAMS 0x000000008a400000, 0x000000008a400000| Complete 
| 111|0x000000008a500000, 0x000000008a600000, 0x000000008a600000|100%| E|CS|TAMS 0x000000008a500000, 0x000000008a500000| Complete 
| 112|0x000000008a600000, 0x000000008a700000, 0x000000008a700000|100%| E|CS|TAMS 0x000000008a600000, 0x000000008a600000| Complete 
| 113|0x000000008a700000, 0x000000008a800000, 0x000000008a800000|100%| E|CS|TAMS 0x000000008a700000, 0x000000008a700000| Complete 
| 114|0x000000008a800000, 0x000000008a900000, 0x000000008a900000|100%| E|CS|TAMS 0x000000008a800000, 0x000000008a800000| Complete 
| 115|0x000000008a900000, 0x000000008aa00000, 0x000000008aa00000|100%| E|CS|TAMS 0x000000008a900000, 0x000000008a900000| Complete 
| 116|0x000000008aa00000, 0x000000008ab00000, 0x000000008ab00000|100%| E|CS|TAMS 0x000000008aa00000, 0x000000008aa00000| Complete 
| 117|0x000000008ab00000, 0x000000008ac00000, 0x000000008ac00000|100%| E|CS|TAMS 0x000000008ab00000, 0x000000008ab00000| Complete 
| 118|0x000000008ac00000, 0x000000008ad00000, 0x000000008ad00000|100%| E|CS|TAMS 0x000000008ac00000, 0x000000008ac00000| Complete 
| 119|0x000000008ad00000, 0x000000008ae00000, 0x000000008ae00000|100%| E|CS|TAMS 0x000000008ad00000, 0x000000008ad00000| Complete 
| 120|0x000000008ae00000, 0x000000008af00000, 0x000000008af00000|100%| E|CS|TAMS 0x000000008ae00000, 0x000000008ae00000| Complete 
| 121|0x000000008af00000, 0x000000008b000000, 0x000000008b000000|100%| E|CS|TAMS 0x000000008af00000, 0x000000008af00000| Complete 
| 122|0x000000008b000000, 0x000000008b100000, 0x000000008b100000|100%| E|CS|TAMS 0x000000008b000000, 0x000000008b000000| Complete 
| 123|0x000000008b100000, 0x000000008b200000, 0x000000008b200000|100%| E|CS|TAMS 0x000000008b100000, 0x000000008b100000| Complete 
| 124|0x000000008b200000, 0x000000008b300000, 0x000000008b300000|100%| E|CS|TAMS 0x000000008b200000, 0x000000008b200000| Complete 
| 125|0x000000008b300000, 0x000000008b400000, 0x000000008b400000|100%| E|CS|TAMS 0x000000008b300000, 0x000000008b300000| Complete 

Card table byte_map: [0x000002166ffa0000,0x0000021670390000] _byte_map_base: 0x000002166fb85000

Marking Bits (Prev, Next): (CMBitMap*) 0x000002165816cd18, (CMBitMap*) 0x000002165816cd50
 Prev Bits: [0x0000021670780000, 0x00000216726a8000)
 Next Bits: [0x00000216726b0000, 0x00000216745d8000)

Polling page: 0x0000021656120000

Metaspace:

Usage:
  Non-class:     17.49 MB capacity,    17.25 MB ( 99%) used,   216.38 KB (  1%) free+waste,    21.88 KB ( <1%) overhead. 
      Class:      2.17 MB capacity,     2.05 MB ( 95%) used,   112.05 KB (  5%) free+waste,     8.81 KB ( <1%) overhead. 
       Both:     19.65 MB capacity,    19.30 MB ( 98%) used,   328.43 KB (  2%) free+waste,    30.69 KB ( <1%) overhead. 

Virtual space:
  Non-class space:       18.00 MB reserved,      17.50 MB ( 97%) committed 
      Class space:        1.00 GB reserved,       2.25 MB ( <1%) committed 
             Both:        1.02 GB reserved,      19.75 MB (  2%) committed 

Chunk freelists:
   Non-Class:  14.00 KB
       Class:  21.00 KB
        Both:  35.00 KB

MaxMetaspaceSize: 17179869184.00 GB
CompressedClassSpaceSize: 1.00 GB
Initial GC threshold: 20.80 MB
Current GC threshold: 20.80 MB
CDS: off

CodeHeap 'non-profiled nmethods': size=120000Kb used=638Kb max_used=638Kb free=119361Kb
 bounds [0x0000021668350000, 0x00000216685c0000, 0x000002166f880000]
CodeHeap 'profiled nmethods': size=120000Kb used=4200Kb max_used=4200Kb free=115799Kb
 bounds [0x0000021660e20000, 0x0000021661240000, 0x0000021668350000]
CodeHeap 'non-nmethods': size=5760Kb used=1159Kb max_used=1162Kb free=4600Kb
 bounds [0x0000021660880000, 0x0000021660af0000, 0x0000021660e20000]
 total_blobs=2490 nmethods=2076 adapters=326
 compilation: enabled
              stopped_count=0, restarted_count=0
 full_count=0

Compilation events (20 events):
Event: 1.356 Thread 0x000002167796c000 2030  s    3       java.util.Hashtable::put (104 bytes)
Event: 1.356 Thread 0x000002167796c000 nmethod 2030 0x0000021661214510 code [0x0000021661214720, 0x0000021661214eb8]
Event: 1.356 Thread 0x000002167796c000 2031       3       java.util.Hashtable::addEntry (87 bytes)
Event: 1.357 Thread 0x000002167796c000 nmethod 2031 0x0000021661215110 code [0x0000021661215320, 0x0000021661215a38]
Event: 1.357 Thread 0x000002167796c000 2032       3       java.util.Hashtable$Entry::<init> (26 bytes)
Event: 1.357 Thread 0x000002167796c000 nmethod 2032 0x0000021661215c90 code [0x0000021661215e40, 0x00000216612160b8]
Event: 1.360 Thread 0x000002167796c000 2033       3       java.lang.String::indexOf (113 bytes)
Event: 1.360 Thread 0x000002167796c000 nmethod 2033 0x0000021661216190 code [0x0000021661216420, 0x0000021661216e48]
Event: 1.362 Thread 0x000002167796c000 2034       3       java.lang.Long::<init> (10 bytes)
Event: 1.362 Thread 0x000002167796c000 nmethod 2034 0x0000021661217290 code [0x0000021661217440, 0x00000216612175f8]
Event: 1.362 Thread 0x000002167796c000 2035       3       java.lang.Short::<init> (10 bytes)
Event: 1.363 Thread 0x000002167796c000 nmethod 2035 0x0000021661217710 code [0x00000216612178c0, 0x0000021661217a78]
Event: 1.363 Thread 0x000002167796c000 2036       3       org.eclipse.sisu.inject.Implementations::getAnnotation (94 bytes)
Event: 1.363 Thread 0x000002167796c000 nmethod 2036 0x0000021661217b90 code [0x0000021661217de0, 0x00000216612187e8]
Event: 1.363 Thread 0x000002167796c000 2037       3       org.eclipse.sisu.inject.InjectorBindings::publishWildcardMatches (81 bytes)
Event: 1.364 Thread 0x000002167796c000 nmethod 2037 0x0000021661218b10 code [0x0000021661218d80, 0x0000021661219698]
Event: 1.364 Thread 0x000002167796c000 2039       3       org.eclipse.sisu.bean.BeanPropertyIterator::hasNext (126 bytes)
Event: 1.364 Thread 0x000002167796c000 nmethod 2039 0x0000021661219a90 code [0x0000021661219d20, 0x000002166121ade8]
Event: 1.364 Thread 0x000002167796c000 2038       3       com.google.inject.internal.InjectorImpl::getProviderOrThrow (44 bytes)
Event: 1.365 Thread 0x000002167796c000 nmethod 2038 0x000002166121b110 code [0x000002166121b320, 0x000002166121b9d8]

GC Heap History (2 events):
Event: 0.732 GC heap before
{Heap before GC invocations=0 (full 0):
 garbage-first heap   total 129024K, used 23552K [0x0000000083600000, 0x0000000100000000)
  region size 1024K, 24 young (24576K), 0 survivors (0K)
 Metaspace       used 12511K, capacity 12693K, committed 12928K, reserved 1060864K
  class space    used 1238K, capacity 1316K, committed 1408K, reserved 1048576K
}
Event: 0.739 GC heap after
{Heap after GC invocations=1 (full 0):
 garbage-first heap   total 129024K, used 3484K [0x0000000083600000, 0x0000000100000000)
  region size 1024K, 3 young (3072K), 3 survivors (3072K)
 Metaspace       used 12511K, capacity 12693K, committed 12928K, reserved 1060864K
  class space    used 1238K, capacity 1316K, committed 1408K, reserved 1048576K
}

Deoptimization events (20 events):
Event: 1.244 Thread 0x000002165812c000 Uncommon trap: trap_request=0xffffff4d fr.pc=0x0000021668372b5c relative=0x00000000000001bc
Event: 1.244 Thread 0x000002165812c000 Uncommon trap: reason=unstable_if action=reinterpret pc=0x0000021668372b5c method=java.lang.String.startsWith(Ljava/lang/String;I)Z @ 1 c2
Event: 1.244 Thread 0x000002165812c000 DEOPT PACKING pc=0x0000021668372b5c sp=0x000000b2058f5ae0
Event: 1.244 Thread 0x000002165812c000 DEOPT UNPACKING pc=0x00000216608ca1af sp=0x000000b2058f5a50 mode 2
Event: 1.344 Thread 0x000002165812c000 Uncommon trap: trap_request=0xffffff4d fr.pc=0x00000216683bfe58 relative=0x00000000000000b8
Event: 1.344 Thread 0x000002165812c000 Uncommon trap: reason=unstable_if action=reinterpret pc=0x00000216683bfe58 method=java.nio.Buffer.limit(I)Ljava/nio/Buffer; @ 42 c2
Event: 1.344 Thread 0x000002165812c000 DEOPT PACKING pc=0x00000216683bfe58 sp=0x000000b2058f9cf0
Event: 1.344 Thread 0x000002165812c000 DEOPT UNPACKING pc=0x00000216608ca1af sp=0x000000b2058f9b50 mode 2
Event: 1.356 Thread 0x000002165812c000 Uncommon trap: trap_request=0xffffff4d fr.pc=0x00000216683beaac relative=0x000000000000056c
Event: 1.356 Thread 0x000002165812c000 Uncommon trap: reason=unstable_if action=reinterpret pc=0x00000216683beaac method=java.lang.String.replace(CC)Ljava/lang/String; @ 2 c2
Event: 1.356 Thread 0x000002165812c000 DEOPT PACKING pc=0x00000216683beaac sp=0x000000b2058fdbe0
Event: 1.356 Thread 0x000002165812c000 DEOPT UNPACKING pc=0x00000216608ca1af sp=0x000000b2058fdba0 mode 2
Event: 1.357 Thread 0x000002165812c000 Uncommon trap: trap_request=0xffffff4d fr.pc=0x00000216683b95c0 relative=0x0000000000000280
Event: 1.357 Thread 0x000002165812c000 Uncommon trap: reason=unstable_if action=reinterpret pc=0x00000216683b95c0 method=java.lang.String.indexOf([BBILjava/lang/String;I)I @ 21 c2
Event: 1.357 Thread 0x000002165812c000 DEOPT PACKING pc=0x00000216683b95c0 sp=0x000000b2058fdc70
Event: 1.357 Thread 0x000002165812c000 DEOPT UNPACKING pc=0x00000216608ca1af sp=0x000000b2058fdbd8 mode 2
Event: 1.359 Thread 0x000002165812c000 Uncommon trap: trap_request=0xffffff4d fr.pc=0x00000216683d3fb4 relative=0x0000000000000474
Event: 1.359 Thread 0x000002165812c000 Uncommon trap: reason=unstable_if action=reinterpret pc=0x00000216683d3fb4 method=java.lang.String.substring(I)Ljava/lang/String; @ 34 c2
Event: 1.359 Thread 0x000002165812c000 DEOPT PACKING pc=0x00000216683d3fb4 sp=0x000000b2058fdd30
Event: 1.359 Thread 0x000002165812c000 DEOPT UNPACKING pc=0x00000216608ca1af sp=0x000000b2058fdd08 mode 2

Classes redefined (0 events):
No events

Internal exceptions (5 events):
Event: 0.170 Thread 0x000002165812c000 Exception <a 'java/lang/NoSuchMethodError'{0x000000008b0522f0}: 'int java.lang.invoke.DirectMethodHandle$Holder.invokeSpecialIFC(java.lang.Object, java.lang.Object, int)'> (0x000000008b0522f0) thrown at [./src/hotspot/share/interpreter/linkResolver.cpp, line 773]
Event: 1.190 Thread 0x000002165812c000 Exception <a 'java/lang/NoClassDefFoundError'{0x0000000088c5f1b0}: com/google/inject/servlet/ServletModuleTargetVisitor> (0x0000000088c5f1b0) thrown at [./src/hotspot/share/classfile/systemDictionary.cpp, line 219]
Event: 1.190 Thread 0x000002165812c000 Exception <a 'java/lang/NoClassDefFoundError'{0x0000000088c5f1b0}> (0x0000000088c5f1b0) thrown at [./src/hotspot/share/prims/jvm.cpp, line 1310]
Event: 1.190 Thread 0x000002165812c000 Exception <a 'java/lang/NoClassDefFoundError'{0x0000000088c62200}: javax/annotation/Priority> (0x0000000088c62200) thrown at [./src/hotspot/share/classfile/systemDictionary.cpp, line 219]
Event: 1.251 Thread 0x000002165812c000 Exception <a 'java/lang/NoSuchMethodError'{0x0000000088ac7680}: 'java.lang.Object java.lang.invoke.DirectMethodHandle$Holder.invokeStaticInit(java.lang.Object, int, int, int, int)'> (0x0000000088ac7680) thrown at [./src/hotspot/share/interpreter/linkResolver.cpp, line 773]

Events (20 events):
Event: 1.360 loading class org/apache/commons/lang3/math/NumberUtils
Event: 1.360 loading class org/apache/commons/lang3/math/NumberUtils done
Event: 1.361 loading class java/math/BigDecimal
Event: 1.362 loading class java/math/BigDecimal done
Event: 1.362 loading class java/lang/Long$LongCache
Event: 1.362 loading class java/lang/Long$LongCache done
Event: 1.362 loading class java/lang/Short$ShortCache
Event: 1.362 loading class java/lang/Short$ShortCache done
Event: 1.363 loading class org/apache/maven/artifact/handler/DefaultArtifactHandler
Event: 1.363 loading class org/apache/maven/artifact/handler/DefaultArtifactHandler done
Event: 1.363 loading class org/apache/maven/artifact/handler/DefaultArtifactHandler
Event: 1.363 loading class org/apache/maven/artifact/handler/DefaultArtifactHandler done
Event: 1.364 loading class org/apache/maven/artifact/DefaultArtifact
Event: 1.364 loading class org/apache/maven/artifact/DefaultArtifact done
Event: 1.365 loading class org/apache/maven/artifact/ArtifactUtils
Event: 1.365 loading class org/apache/maven/artifact/ArtifactUtils done
Event: 1.365 loading class org/apache/maven/project/DefaultProjectBuilder$InterimResult
Event: 1.365 loading class org/apache/maven/project/DefaultProjectBuilder$InterimResult done
Event: 1.366 loading class org/apache/maven/project/ReactorModelPool$CacheKey
Event: 1.366 loading class org/apache/maven/project/ReactorModelPool$CacheKey done


Dynamic libraries:
0x00007ff7be840000 - 0x00007ff7be84d000 	C:\Program Files\OpenJDK\openjdk-11.0.16_8\bin\java.exe
0x00007ffbaf450000 - 0x00007ffbaf664000 	C:\WINDOWS\SYSTEM32\ntdll.dll
0x00007ffbad440000 - 0x00007ffbad503000 	C:\WINDOWS\System32\KERNEL32.DLL
0x00007ffbac890000 - 0x00007ffbacc2c000 	C:\WINDOWS\System32\KERNELBASE.dll
0x00007ffbacc30000 - 0x00007ffbacd41000 	C:\WINDOWS\System32\ucrtbase.dll
0x00007ffba3370000 - 0x00007ffba3385000 	C:\Program Files\OpenJDK\openjdk-11.0.16_8\bin\VCRUNTIME140.dll
0x00007ffb91980000 - 0x00007ffb91997000 	C:\Program Files\OpenJDK\openjdk-11.0.16_8\bin\jli.dll
0x00007ffbae7b0000 - 0x00007ffbae95d000 	C:\WINDOWS\System32\USER32.dll
0x00007ffbad050000 - 0x00007ffbad076000 	C:\WINDOWS\System32\win32u.dll
0x00007ffba12b0000 - 0x00007ffba153e000 	C:\WINDOWS\WinSxS\amd64_microsoft.windows.common-controls_6595b64144ccf1df_6.0.22621.608_none_a9444ca7c10bb01d\COMCTL32.dll
0x00007ffbaebf0000 - 0x00007ffbaec19000 	C:\WINDOWS\System32\GDI32.dll
0x00007ffbaf270000 - 0x00007ffbaf317000 	C:\WINDOWS\System32\msvcrt.dll
0x00007ffbace10000 - 0x00007ffbacf22000 	C:\WINDOWS\System32\gdi32full.dll
0x00007ffbacf30000 - 0x00007ffbacfca000 	C:\WINDOWS\System32\msvcp_win.dll
0x00007ffbaf3d0000 - 0x00007ffbaf402000 	C:\WINDOWS\System32\IMM32.DLL
0x00007ffb86e50000 - 0x00007ffb86eeb000 	C:\Program Files\OpenJDK\openjdk-11.0.16_8\bin\msvcp140.dll
0x00007ffb46340000 - 0x00007ffb46e4e000 	C:\Program Files\OpenJDK\openjdk-11.0.16_8\bin\server\jvm.dll
0x00007ffbae6f0000 - 0x00007ffbae79e000 	C:\WINDOWS\System32\ADVAPI32.dll
0x00007ffbaee30000 - 0x00007ffbaeed4000 	C:\WINDOWS\System32\sechost.dll
0x00007ffbadb70000 - 0x00007ffbadc85000 	C:\WINDOWS\System32\RPCRT4.dll
0x00007ffbaeb00000 - 0x00007ffbaeb08000 	C:\WINDOWS\System32\PSAPI.DLL
0x00007ffba59a0000 - 0x00007ffba59d4000 	C:\WINDOWS\SYSTEM32\WINMM.dll
0x00007ffba6670000 - 0x00007ffba6679000 	C:\WINDOWS\SYSTEM32\WSOCK32.dll
0x00007ffba5560000 - 0x00007ffba556a000 	C:\WINDOWS\SYSTEM32\VERSION.dll
0x00007ffbaeb70000 - 0x00007ffbaebe1000 	C:\WINDOWS\System32\WS2_32.dll
0x00007ffbab9d0000 - 0x00007ffbab9e8000 	C:\WINDOWS\SYSTEM32\kernel.appcore.dll
0x00007ffba69a0000 - 0x00007ffba69b0000 	C:\Program Files\OpenJDK\openjdk-11.0.16_8\bin\verify.dll
0x00007ffba9f50000 - 0x00007ffbaa17e000 	C:\WINDOWS\SYSTEM32\DBGHELP.DLL
0x00007ffbaeee0000 - 0x00007ffbaf26a000 	C:\WINDOWS\System32\combase.dll
0x00007ffbada90000 - 0x00007ffbadb67000 	C:\WINDOWS\System32\OLEAUT32.dll
0x00007ffb9fae0000 - 0x00007ffb9fb12000 	C:\WINDOWS\SYSTEM32\dbgcore.DLL
0x00007ffbacfd0000 - 0x00007ffbad04b000 	C:\WINDOWS\System32\bcryptPrimitives.dll
0x00007ffb948a0000 - 0x00007ffb948c8000 	C:\Program Files\OpenJDK\openjdk-11.0.16_8\bin\java.dll
0x00007ffba6650000 - 0x00007ffba665a000 	C:\Program Files\OpenJDK\openjdk-11.0.16_8\bin\jimage.dll
0x00007ffb9ebe0000 - 0x00007ffb9ebf8000 	C:\Program Files\OpenJDK\openjdk-11.0.16_8\bin\zip.dll
0x00007ffbadd80000 - 0x00007ffbae56f000 	C:\WINDOWS\System32\SHELL32.dll
0x00007ffbaa8b0000 - 0x00007ffbab178000 	C:\WINDOWS\SYSTEM32\windows.storage.dll
0x00007ffbaa770000 - 0x00007ffbaa8ae000 	C:\WINDOWS\SYSTEM32\wintypes.dll
0x00007ffbad990000 - 0x00007ffbada81000 	C:\WINDOWS\System32\SHCORE.dll
0x00007ffbaeb10000 - 0x00007ffbaeb6e000 	C:\WINDOWS\System32\shlwapi.dll
0x00007ffbac7c0000 - 0x00007ffbac7e1000 	C:\WINDOWS\SYSTEM32\profapi.dll
0x00007ffb9e120000 - 0x00007ffb9e139000 	C:\Program Files\OpenJDK\openjdk-11.0.16_8\bin\net.dll
0x00007ffba66d0000 - 0x00007ffba67ff000 	C:\WINDOWS\SYSTEM32\WINHTTP.dll
0x00007ffbabe40000 - 0x00007ffbabea9000 	C:\WINDOWS\system32\mswsock.dll
0x00007ffb9d6d0000 - 0x00007ffb9d6e3000 	C:\Program Files\OpenJDK\openjdk-11.0.16_8\bin\nio.dll
0x00007ffb9d6f0000 - 0x00007ffb9d6fa000 	C:\Program Files\NetBeans-12.0\netbeans\java\maven\lib\jansi-native\windows64\jansi.dll

dbghelp: loaded successfully - version: 4.0.5 - missing functions: none
symbol engine: initialized successfully - sym options: 0x614 - pdb path: .;C:\Program Files\OpenJDK\openjdk-11.0.16_8\bin;C:\WINDOWS\SYSTEM32;C:\WINDOWS\WinSxS\amd64_microsoft.windows.common-controls_6595b64144ccf1df_6.0.22621.608_none_a9444ca7c10bb01d;C:\Program Files\OpenJDK\openjdk-11.0.16_8\bin\server;C:\Program Files\NetBeans-12.0\netbeans\java\maven\lib\jansi-native\windows64

VM Arguments:
jvm_args: -Dclassworlds.conf=C:\Program Files\NetBeans-12.0\netbeans\java\maven\bin\..\bin\m2.conf -Dmaven.home=C:\Program Files\NetBeans-12.0\netbeans\java\maven\bin\.. -Dlibrary.jansi.path=C:\Program Files\NetBeans-12.0\netbeans\java\maven\bin\..\lib\jansi-native -Dmaven.multiModuleProjectDirectory=C:\Users\drjal\Documents\repos\java-class\Exercises\Interest_Calculator 
java_command: org.codehaus.plexus.classworlds.launcher.Launcher -Dexec.args=-classpath %classpath com.jah.interest_calculator.Interest_Calculator -Dexec.executable=C:\Program Files\OpenJDK\openjdk-11.0.16_8\bin\java.exe -Dmaven.ext.class.path=C:\Program Files\NetBeans-12.0\netbeans\java\maven-nblib\netbeans-eventspy.jar -Dfile.encoding=UTF-8 org.codehaus.mojo:exec-maven-plugin:1.5.0:exec
java_class_path (initial): C:\Program Files\NetBeans-12.0\netbeans\java\maven\bin\..\boot\plexus-classworlds-2.6.0.jar
Launcher Type: SUN_STANDARD

[Global flags]
     intx CICompilerCount                          = 4                                         {product} {ergonomic}
     uint ConcGCThreads                            = 2                                         {product} {ergonomic}
     uint G1ConcRefinementThreads                  = 8                                         {product} {ergonomic}
   size_t G1HeapRegionSize                         = 1048576                                   {product} {ergonomic}
    uintx GCDrainStackTargetSize                   = 64                                        {product} {ergonomic}
   size_t InitialHeapSize                          = 132120576                                 {product} {ergonomic}
   size_t MarkStackSize                            = 4194304                                   {product} {ergonomic}
   size_t MaxHeapSize                              = 2090860544                                {product} {ergonomic}
   size_t MaxNewSize                               = 1254096896                                {product} {ergonomic}
   size_t MinHeapDeltaBytes                        = 1048576                                   {product} {ergonomic}
    uintx NonNMethodCodeHeapSize                   = 5836300                                {pd product} {ergonomic}
    uintx NonProfiledCodeHeapSize                  = 122910970                              {pd product} {ergonomic}
    uintx ProfiledCodeHeapSize                     = 122910970                              {pd product} {ergonomic}
    uintx ReservedCodeCacheSize                    = 251658240                              {pd product} {ergonomic}
     bool SegmentedCodeCache                       = true                                      {product} {ergonomic}
     bool UseCompressedClassPointers               = true                                 {lp64_product} {ergonomic}
     bool UseCompressedOops                        = true                                 {lp64_product} {ergonomic}
     bool UseG1GC                                  = true                                      {product} {ergonomic}
     bool UseLargePagesIndividualAllocation        = false                                  {pd product} {ergonomic}

Logging:
Log output configuration:
 #0: stdout all=warning uptime,level,tags
 #1: stderr all=off uptime,level,tags

Environment Variables:
JAVA_HOME=C:\Program Files\OpenJDK\openjdk-11.0.16_8
PATH=C:\Python310\Scripts\;C:\Python310\;C:\windows\system32;C:\windows;C:\windows\System32\Wbem;C:\windows\System32\WindowsPowerShell\v1.0\;C:\windows\System32\OpenSSH\;C:\Program Files (x86)\NVIDIA Corporation\PhysX\Common;C:\Program Files\NVIDIA Corporation\NVIDIA NvDLISR;C:\WINDOWS\system32;C:\WINDOWS;C:\WINDOWS\System32\Wbem;C:\WINDOWS\System32\WindowsPowerShell\v1.0\;C:\WINDOWS\System32\OpenSSH\;C:\ProgramData\chocolatey\bin;C:\Program Files\Git\cmd;C:\Users\drjal\;C:\Program Files\OpenJDK\openjdk-11.0.16_8\bin;C:\Program Files\PuTTY\;C:\Program Files\MySQL\MySQL Shell 8.0\bin\;C:\Users\drjal\AppData\Local\Microsoft\WindowsApps;C:\mongosh\;C:\Users\drjal\AppData\Local\Programs\Microsoft VS Code\bin;C:\Users\drjal\AppData\Local\gitkraken\bin;C:\Program Files (x86)\Nmap;C:\tools\dart-sdk\bin;C:\Users\drjal\AppData\Roaming\Pub\Cache\bin;C:\_FLUTTER\flutter\bin;C:\Users\drjal\AppData\Roaming\npm;C:\Users\drjal\AppData\Local\Android\Sdk\platform-tools;;C:\Users\drjal\AppData\Local\Microsoft\WindowsApps
USERNAME=drjal
OS=Windows_NT
PROCESSOR_IDENTIFIER=Intel64 Family 6 Model 165 Stepping 2, GenuineIntel
TMP=C:\Users\drjal\AppData\Local\Temp
TEMP=C:\Users\drjal\AppData\Local\Temp



---------------  S Y S T E M  ---------------

OS: Windows 11 , 64 bit Build 22621 (10.0.22621.1194)
OS uptime: 40 days 8:46 hours

CPU:total 8 (initial active 8) (4 cores per cpu, 2 threads per core) family 6 model 165 stepping 2 microcode 0xf0, cmov, cx8, fxsr, mmx, sse, sse2, sse3, ssse3, sse4.1, sse4.2, popcnt, avx, avx2, aes, clmul, erms, 3dnowpref, lzcnt, ht, tsc, tscinvbit, bmi1, bmi2, adx, fma

Memory: 4k page, system-wide physical 7968M (324M free)
TotalPageFile size 32544M (AvailPageFile size 5M)
current process WorkingSet (physical memory assigned to process): 123M, peak: 123M
current process commit charge ("private bytes"): 241M, peak: 242M

vm_info: OpenJDK 64-Bit Server VM (11.0.16+8) for windows-amd64 JRE (11.0.16+8), built on Jul 17 2022 01:33:05 by "tester" with MS VC++ 15.9 (VS2017)

END.
